<?xml version="1.0" encoding="UTF-8"?>
<testsuite xmlns:xsi="http://www.w3.org/2001/XMLSchema-instance" xsi:noNamespaceSchemaLocation="https://maven.apache.org/surefire/maven-surefire-plugin/xsd/surefire-test-report.xsd" name="org.itAssets.services.AppTest" time="0.075" tests="1" errors="0" skipped="0" failures="0">
  <properties>
    <property name="sun.desktop" value="windows"/>
    <property name="awt.toolkit" value="sun.awt.windows.WToolkit"/>
    <property name="file.encoding.pkg" value="sun.io"/>
    <property name="java.specification.version" value="1.8"/>
    <property name="sun.cpu.isalist" value="amd64"/>
    <property name="sun.jnu.encoding" value="Cp1252"/>
    <property name="java.class.path" value="D:\new-repo\itAssests\itAssets-services\target\test-classes;D:\new-repo\itAssests\itAssets-services\target\classes;C:\Users\Joel\.m2\repository\com\anabatic\messaging\messaging-lib\1.0.0.1-SNAPSHOT\messaging-lib-1.0.0.1-SNAPSHOT.jar;C:\Users\Joel\.m2\repository\com\anabatic\generic\generic-core\1.0.0.2-SNAPSHOT\generic-core-1.0.0.2-SNAPSHOT.jar;C:\Users\Joel\.m2\repository\org\apache\httpcomponents\httpclient\4.5.6\httpclient-4.5.6.jar;C:\Users\Joel\.m2\repository\org\apache\httpcomponents\httpcore\4.4.10\httpcore-4.4.10.jar;C:\Users\Joel\.m2\repository\commons-codec\commons-codec\1.11\commons-codec-1.11.jar;C:\Users\Joel\.m2\repository\commons-beanutils\commons-beanutils\1.9.3\commons-beanutils-1.9.3.jar;C:\Users\Joel\.m2\repository\commons-logging\commons-logging\1.2\commons-logging-1.2.jar;C:\Users\Joel\.m2\repository\commons-collections\commons-collections\3.2.2\commons-collections-3.2.2.jar;C:\Users\Joel\.m2\repository\com\github\wnameless\json-flattener\0.4.1\json-flattener-0.4.1.jar;C:\Users\Joel\.m2\repository\com\eclipsesource\minimal-json\minimal-json\0.9.4\minimal-json-0.9.4.jar;C:\Users\Joel\.m2\repository\org\apache\commons\commons-lang3\3.8.1\commons-lang3-3.8.1.jar;C:\Users\Joel\.m2\repository\org\hibernate\hibernate-entitymanager\5.3.7.Final\hibernate-entitymanager-5.3.7.Final.jar;C:\Users\Joel\.m2\repository\org\jboss\logging\jboss-logging\3.3.2.Final\jboss-logging-3.3.2.Final.jar;C:\Users\Joel\.m2\repository\org\dom4j\dom4j\2.1.1\dom4j-2.1.1.jar;C:\Users\Joel\.m2\repository\org\hibernate\common\hibernate-commons-annotations\5.0.4.Final\hibernate-commons-annotations-5.0.4.Final.jar;C:\Users\Joel\.m2\repository\javax\persistence\javax.persistence-api\2.2\javax.persistence-api-2.2.jar;C:\Users\Joel\.m2\repository\org\jboss\spec\javax\transaction\jboss-transaction-api_1.2_spec\1.1.1.Final\jboss-transaction-api_1.2_spec-1.1.1.Final.jar;C:\Users\Joel\.m2\repository\org\hibernate\hibernate-validator\5.0.3.Final\hibernate-validator-5.0.3.Final.jar;C:\Users\Joel\.m2\repository\com\fasterxml\classmate\1.4.0\classmate-1.4.0.jar;C:\Users\Joel\.m2\repository\org\hibernate\javax\persistence\hibernate-jpa-2.1-api\1.0.2.Final\hibernate-jpa-2.1-api-1.0.2.Final.jar;C:\Users\Joel\.m2\repository\org\springframework\spring-jms\5.1.2.RELEASE\spring-jms-5.1.2.RELEASE.jar;C:\Users\Joel\.m2\repository\org\springframework\spring-beans\5.1.2.RELEASE\spring-beans-5.1.2.RELEASE.jar;C:\Users\Joel\.m2\repository\org\springframework\spring-messaging\5.1.2.RELEASE\spring-messaging-5.1.2.RELEASE.jar;C:\Users\Joel\.m2\repository\org\springframework\spring-tx\5.1.2.RELEASE\spring-tx-5.1.2.RELEASE.jar;C:\Users\Joel\.m2\repository\org\springframework\boot\spring-boot-starter-activemq\2.1.0.RELEASE\spring-boot-starter-activemq-2.1.0.RELEASE.jar;C:\Users\Joel\.m2\repository\org\apache\activemq\activemq-broker\5.15.7\activemq-broker-5.15.7.jar;C:\Users\Joel\.m2\repository\org\apache\activemq\activemq-client\5.15.7\activemq-client-5.15.7.jar;C:\Users\Joel\.m2\repository\org\fusesource\hawtbuf\hawtbuf\1.11\hawtbuf-1.11.jar;C:\Users\Joel\.m2\repository\org\apache\geronimo\specs\geronimo-j2ee-management_1.1_spec\1.0.1\geronimo-j2ee-management_1.1_spec-1.0.1.jar;C:\Users\Joel\.m2\repository\org\apache\activemq\activemq-openwire-legacy\5.15.7\activemq-openwire-legacy-5.15.7.jar;C:\Users\Joel\.m2\repository\javax\jms\javax.jms-api\2.0.1\javax.jms-api-2.0.1.jar;C:\Users\Joel\.m2\repository\org\springframework\kafka\spring-kafka\2.2.0.RELEASE\spring-kafka-2.2.0.RELEASE.jar;C:\Users\Joel\.m2\repository\org\springframework\spring-context\5.1.2.RELEASE\spring-context-5.1.2.RELEASE.jar;C:\Users\Joel\.m2\repository\org\springframework\spring-expression\5.1.2.RELEASE\spring-expression-5.1.2.RELEASE.jar;C:\Users\Joel\.m2\repository\org\springframework\retry\spring-retry\1.2.2.RELEASE\spring-retry-1.2.2.RELEASE.jar;C:\Users\Joel\.m2\repository\org\apache\kafka\kafka-clients\2.0.0\kafka-clients-2.0.0.jar;C:\Users\Joel\.m2\repository\org\lz4\lz4-java\1.4.1\lz4-java-1.4.1.jar;C:\Users\Joel\.m2\repository\org\xerial\snappy\snappy-java\1.1.7.1\snappy-java-1.1.7.1.jar;C:\Users\Joel\.m2\repository\org\slf4j\slf4j-api\1.7.25\slf4j-api-1.7.25.jar;C:\Users\Joel\.m2\repository\log4j\log4j\1.2.17\log4j-1.2.17.jar;C:\Users\Joel\.m2\repository\jline\jline\0.9.94\jline-0.9.94.jar;C:\Users\Joel\.m2\repository\org\apache\yetus\audience-annotations\0.5.0\audience-annotations-0.5.0.jar;C:\Users\Joel\.m2\repository\io\netty\netty\3.10.6.Final\netty-3.10.6.Final.jar;C:\Users\Joel\.m2\repository\org\springframework\boot\spring-boot-starter-aop\2.1.0.RELEASE\spring-boot-starter-aop-2.1.0.RELEASE.jar;C:\Users\Joel\.m2\repository\org\springframework\spring-aop\5.1.2.RELEASE\spring-aop-5.1.2.RELEASE.jar;C:\Users\Joel\.m2\repository\org\aspectj\aspectjweaver\1.9.2\aspectjweaver-1.9.2.jar;C:\Users\Joel\.m2\repository\org\springframework\integration\spring-integration-jms\5.1.0.RELEASE\spring-integration-jms-5.1.0.RELEASE.jar;C:\Users\Joel\.m2\repository\org\springframework\integration\spring-integration-core\5.1.0.RELEASE\spring-integration-core-5.1.0.RELEASE.jar;C:\Users\Joel\.m2\repository\io\projectreactor\reactor-core\3.2.2.RELEASE\reactor-core-3.2.2.RELEASE.jar;C:\Users\Joel\.m2\repository\com\google\code\gson\gson\2.8.5\gson-2.8.5.jar;C:\Users\Joel\.m2\repository\com\rabbitmq\jms\rabbitmq-jms\1.5.0\rabbitmq-jms-1.5.0.jar;C:\Users\Joel\.m2\repository\com\rabbitmq\amqp-client\5.4.3\amqp-client-5.4.3.jar;C:\Users\Joel\.m2\repository\commons-lang\commons-lang\2.6\commons-lang-2.6.jar;C:\Users\Joel\.m2\repository\com\google\guava\guava\23.0\guava-23.0.jar;C:\Users\Joel\.m2\repository\com\google\code\findbugs\jsr305\1.3.9\jsr305-1.3.9.jar;C:\Users\Joel\.m2\repository\com\google\errorprone\error_prone_annotations\2.0.18\error_prone_annotations-2.0.18.jar;C:\Users\Joel\.m2\repository\com\google\j2objc\j2objc-annotations\1.1\j2objc-annotations-1.1.jar;C:\Users\Joel\.m2\repository\org\codehaus\mojo\animal-sniffer-annotations\1.14\animal-sniffer-annotations-1.14.jar;C:\Users\Joel\.m2\repository\com\fasterxml\jackson\core\jackson-databind\2.9.7\jackson-databind-2.9.7.jar;C:\Users\Joel\.m2\repository\com\fasterxml\jackson\core\jackson-core\2.9.7\jackson-core-2.9.7.jar;C:\Users\Joel\.m2\repository\com\github\XDean\Java-EX\0.0.7\Java-EX-0.0.7.jar;C:\Users\Joel\.m2\repository\io\reactivex\rxjava2\rxjava\2.2.3\rxjava-2.2.3.jar;C:\Users\Joel\.m2\repository\org\reactivestreams\reactive-streams\1.0.2\reactive-streams-1.0.2.jar;C:\Users\Joel\.m2\repository\org\reflections\reflections\0.9.11\reflections-0.9.11.jar;C:\Users\Joel\.m2\repository\org\javassist\javassist\3.21.0-GA\javassist-3.21.0-GA.jar;C:\Users\Joel\.m2\repository\org\jooq\joor-java-8\0.9.7\joor-java-8-0.9.7.jar;C:\Users\Joel\.m2\repository\org\modelmapper\modelmapper\2.3.2\modelmapper-2.3.2.jar;C:\Users\Joel\.m2\repository\com\anabatic\queue\queue-lib\1.0.1-SNAPSHOT\queue-lib-1.0.1-SNAPSHOT.jar;C:\Users\Joel\.m2\repository\com\ati\lib\repository\memory\ati-lib-repository-memory-storage\2.0.0\ati-lib-repository-memory-storage-2.0.0.jar;C:\Users\Joel\.m2\repository\com\ati\lib\ati-lib-constant\2.0.0\ati-lib-constant-2.0.0.jar;C:\Users\Joel\.m2\repository\com\ati\lib\ati-lib-transfer-object\2.0.0\ati-lib-transfer-object-2.0.0.jar;C:\Users\Joel\.m2\repository\com\ati\lib\ati-lib-util\2.0.0\ati-lib-util-2.0.0.jar;C:\Users\Joel\.m2\repository\org\apache\commons\commons-text\1.1\commons-text-1.1.jar;C:\Users\Joel\.m2\repository\com\fasterxml\uuid\java-uuid-generator\3.1.4\java-uuid-generator-3.1.4.jar;C:\Users\Joel\.m2\repository\dk\brics\automaton\1.12-1\automaton-1.12-1.jar;C:\Users\Joel\.m2\repository\com\ati\lib\ati-lib-component\2.0.0\ati-lib-component-2.0.0.jar;C:\Users\Joel\.m2\repository\com\hazelcast\hazelcast\3.11\hazelcast-3.11.jar;C:\Users\Joel\.m2\repository\com\anabatic\logging\logging-lib\1.0.0.1-SNAPSHOT\logging-lib-1.0.0.1-SNAPSHOT.jar;C:\Users\Joel\.m2\repository\org\springframework\boot\spring-boot-starter-web\2.1.0.RELEASE\spring-boot-starter-web-2.1.0.RELEASE.jar;C:\Users\Joel\.m2\repository\org\springframework\boot\spring-boot-starter-json\2.1.0.RELEASE\spring-boot-starter-json-2.1.0.RELEASE.jar;C:\Users\Joel\.m2\repository\com\fasterxml\jackson\datatype\jackson-datatype-jdk8\2.9.7\jackson-datatype-jdk8-2.9.7.jar;C:\Users\Joel\.m2\repository\com\fasterxml\jackson\datatype\jackson-datatype-jsr310\2.9.7\jackson-datatype-jsr310-2.9.7.jar;C:\Users\Joel\.m2\repository\com\fasterxml\jackson\module\jackson-module-parameter-names\2.9.7\jackson-module-parameter-names-2.9.7.jar;C:\Users\Joel\.m2\repository\org\springframework\boot\spring-boot-starter-tomcat\2.1.0.RELEASE\spring-boot-starter-tomcat-2.1.0.RELEASE.jar;C:\Users\Joel\.m2\repository\org\apache\tomcat\embed\tomcat-embed-core\9.0.12\tomcat-embed-core-9.0.12.jar;C:\Users\Joel\.m2\repository\org\apache\tomcat\embed\tomcat-embed-el\9.0.12\tomcat-embed-el-9.0.12.jar;C:\Users\Joel\.m2\repository\org\apache\tomcat\embed\tomcat-embed-websocket\9.0.12\tomcat-embed-websocket-9.0.12.jar;C:\Users\Joel\.m2\repository\org\hibernate\validator\hibernate-validator\6.0.13.Final\hibernate-validator-6.0.13.Final.jar;C:\Users\Joel\.m2\repository\org\springframework\spring-web\5.1.2.RELEASE\spring-web-5.1.2.RELEASE.jar;C:\Users\Joel\.m2\repository\org\springframework\spring-webmvc\5.1.2.RELEASE\spring-webmvc-5.1.2.RELEASE.jar;C:\Users\Joel\.m2\repository\org\springframework\boot\spring-boot-starter-log4j2\2.1.0.RELEASE\spring-boot-starter-log4j2-2.1.0.RELEASE.jar;D:\new-repo\itAssests\itAssets-persistence\target\itAssets-persistence-0.0.1-SNAPSHOT.jar;D:\new-repo\itAssests\itAssets-core\target\itAssets-core-0.0.1-SNAPSHOT.jar;C:\Users\Joel\.m2\repository\org\springframework\boot\spring-boot-starter-data-jpa\2.1.0.RELEASE\spring-boot-starter-data-jpa-2.1.0.RELEASE.jar;C:\Users\Joel\.m2\repository\org\springframework\boot\spring-boot-starter-jdbc\2.1.0.RELEASE\spring-boot-starter-jdbc-2.1.0.RELEASE.jar;C:\Users\Joel\.m2\repository\com\zaxxer\HikariCP\3.2.0\HikariCP-3.2.0.jar;C:\Users\Joel\.m2\repository\org\springframework\spring-jdbc\5.1.2.RELEASE\spring-jdbc-5.1.2.RELEASE.jar;C:\Users\Joel\.m2\repository\javax\transaction\javax.transaction-api\1.3\javax.transaction-api-1.3.jar;C:\Users\Joel\.m2\repository\javax\xml\bind\jaxb-api\2.3.1\jaxb-api-2.3.1.jar;C:\Users\Joel\.m2\repository\javax\activation\javax.activation-api\1.2.0\javax.activation-api-1.2.0.jar;C:\Users\Joel\.m2\repository\org\hibernate\hibernate-core\5.3.7.Final\hibernate-core-5.3.7.Final.jar;C:\Users\Joel\.m2\repository\antlr\antlr\2.7.7\antlr-2.7.7.jar;C:\Users\Joel\.m2\repository\org\jboss\jandex\2.0.5.Final\jandex-2.0.5.Final.jar;C:\Users\Joel\.m2\repository\org\springframework\data\spring-data-jpa\2.1.2.RELEASE\spring-data-jpa-2.1.2.RELEASE.jar;C:\Users\Joel\.m2\repository\org\springframework\data\spring-data-commons\2.1.2.RELEASE\spring-data-commons-2.1.2.RELEASE.jar;C:\Users\Joel\.m2\repository\org\springframework\spring-orm\5.1.2.RELEASE\spring-orm-5.1.2.RELEASE.jar;C:\Users\Joel\.m2\repository\org\springframework\spring-aspects\5.1.2.RELEASE\spring-aspects-5.1.2.RELEASE.jar;C:\Users\Joel\.m2\repository\org\postgresql\postgresql\42.2.5\postgresql-42.2.5.jar;C:\Users\Joel\.m2\repository\com\anabatic\generic\generic-persistence\1.0.0.2-SNAPSHOT\generic-persistence-1.0.0.2-SNAPSHOT.jar;C:\Users\Joel\.m2\repository\javax\validation\validation-api\2.0.1.Final\validation-api-2.0.1.Final.jar;C:\Users\Joel\.m2\repository\org\hsqldb\hsqldb\2.4.1\hsqldb-2.4.1.jar;C:\Users\Joel\.m2\repository\org\dbunit\dbunit\2.4.9\dbunit-2.4.9.jar;C:\Users\Joel\.m2\repository\org\apache\commons\commons-dbcp2\2.5.0\commons-dbcp2-2.5.0.jar;C:\Users\Joel\.m2\repository\org\apache\commons\commons-pool2\2.6.0\commons-pool2-2.6.0.jar;C:\Users\Joel\.m2\repository\com\anabatic\dualcontrol\dual-control-lib\1.0.0.2-SNAPSHOT\dual-control-lib-1.0.0.2-SNAPSHOT.jar;C:\Users\Joel\.m2\repository\com\anabatic\dualcontrol\dual-control-endpoint\1.0.0.2-SNAPSHOT\dual-control-endpoint-1.0.0.2-SNAPSHOT.jar;C:\Users\Joel\.m2\repository\com\anabatic\generic\generic-endpoint\1.0.0.2-SNAPSHOT\generic-endpoint-1.0.0.2-SNAPSHOT.jar;C:\Users\Joel\.m2\repository\com\anabatic\audit\audit-component\1.0.0.1\audit-component-1.0.0.1.jar;C:\Users\Joel\.m2\repository\com\anabatic\audit\audit-parameter\1.0.0.1\audit-parameter-1.0.0.1.jar;C:\Users\Joel\.m2\repository\org\hibernate\javax\persistence\hibernate-jpa-2.0-api\1.0.1.Final\hibernate-jpa-2.0-api-1.0.1.Final.jar;C:\Users\Joel\.m2\repository\org\springframework\boot\spring-boot-starter-security\2.1.0.RELEASE\spring-boot-starter-security-2.1.0.RELEASE.jar;C:\Users\Joel\.m2\repository\org\springframework\security\spring-security-config\5.1.1.RELEASE\spring-security-config-5.1.1.RELEASE.jar;C:\Users\Joel\.m2\repository\org\springframework\security\spring-security-core\5.1.1.RELEASE\spring-security-core-5.1.1.RELEASE.jar;C:\Users\Joel\.m2\repository\org\springframework\security\spring-security-web\5.1.1.RELEASE\spring-security-web-5.1.1.RELEASE.jar;C:\Users\Joel\.m2\repository\io\jsonwebtoken\jjwt\0.6.0\jjwt-0.6.0.jar;C:\Users\Joel\.m2\repository\com\anabatic\dualcontrol\dual-control-service\1.0.0.2-SNAPSHOT\dual-control-service-1.0.0.2-SNAPSHOT.jar;C:\Users\Joel\.m2\repository\com\anabatic\dualcontrol\dual-control-persistence\1.0.0.2-SNAPSHOT\dual-control-persistence-1.0.0.2-SNAPSHOT.jar;C:\Users\Joel\.m2\repository\com\anabatic\dualcontrol\dual-control-core\1.0.0.2-SNAPSHOT\dual-control-core-1.0.0.2-SNAPSHOT.jar;C:\Users\Joel\.m2\repository\com\anabatic\generic\generic-service\1.0.0.2-SNAPSHOT\generic-service-1.0.0.2-SNAPSHOT.jar;C:\Users\Joel\.m2\repository\org\apache\logging\log4j\log4j-core\2.11.1\log4j-core-2.11.1.jar;C:\Users\Joel\.m2\repository\org\apache\logging\log4j\log4j-api\2.11.1\log4j-api-2.11.1.jar;C:\Users\Joel\.m2\repository\com\fasterxml\jackson\core\jackson-annotations\2.9.0\jackson-annotations-2.9.0.jar;C:\Users\Joel\.m2\repository\org\springframework\spring-test\5.0.9.RELEASE\spring-test-5.0.9.RELEASE.jar;C:\Users\Joel\.m2\repository\org\springframework\spring-core\5.1.2.RELEASE\spring-core-5.1.2.RELEASE.jar;C:\Users\Joel\.m2\repository\org\springframework\spring-jcl\5.1.2.RELEASE\spring-jcl-5.1.2.RELEASE.jar;C:\Users\Joel\.m2\repository\org\springframework\boot\spring-boot-starter-test\2.1.0.RELEASE\spring-boot-starter-test-2.1.0.RELEASE.jar;C:\Users\Joel\.m2\repository\org\springframework\boot\spring-boot-starter\2.1.0.RELEASE\spring-boot-starter-2.1.0.RELEASE.jar;C:\Users\Joel\.m2\repository\org\springframework\boot\spring-boot\2.1.0.RELEASE\spring-boot-2.1.0.RELEASE.jar;C:\Users\Joel\.m2\repository\org\springframework\boot\spring-boot-autoconfigure\2.1.0.RELEASE\spring-boot-autoconfigure-2.1.0.RELEASE.jar;C:\Users\Joel\.m2\repository\org\springframework\boot\spring-boot-starter-logging\2.1.0.RELEASE\spring-boot-starter-logging-2.1.0.RELEASE.jar;C:\Users\Joel\.m2\repository\ch\qos\logback\logback-classic\1.2.3\logback-classic-1.2.3.jar;C:\Users\Joel\.m2\repository\ch\qos\logback\logback-core\1.2.3\logback-core-1.2.3.jar;C:\Users\Joel\.m2\repository\org\apache\logging\log4j\log4j-to-slf4j\2.11.1\log4j-to-slf4j-2.11.1.jar;C:\Users\Joel\.m2\repository\org\slf4j\jul-to-slf4j\1.7.25\jul-to-slf4j-1.7.25.jar;C:\Users\Joel\.m2\repository\javax\annotation\javax.annotation-api\1.3.2\javax.annotation-api-1.3.2.jar;C:\Users\Joel\.m2\repository\org\yaml\snakeyaml\1.23\snakeyaml-1.23.jar;C:\Users\Joel\.m2\repository\org\springframework\boot\spring-boot-test\2.1.0.RELEASE\spring-boot-test-2.1.0.RELEASE.jar;C:\Users\Joel\.m2\repository\org\springframework\boot\spring-boot-test-autoconfigure\2.1.0.RELEASE\spring-boot-test-autoconfigure-2.1.0.RELEASE.jar;C:\Users\Joel\.m2\repository\com\jayway\jsonpath\json-path\2.4.0\json-path-2.4.0.jar;C:\Users\Joel\.m2\repository\net\minidev\json-smart\2.3\json-smart-2.3.jar;C:\Users\Joel\.m2\repository\net\minidev\accessors-smart\1.2\accessors-smart-1.2.jar;C:\Users\Joel\.m2\repository\org\ow2\asm\asm\5.0.4\asm-5.0.4.jar;C:\Users\Joel\.m2\repository\junit\junit\4.12\junit-4.12.jar;C:\Users\Joel\.m2\repository\org\assertj\assertj-core\3.11.1\assertj-core-3.11.1.jar;C:\Users\Joel\.m2\repository\org\mockito\mockito-core\2.23.0\mockito-core-2.23.0.jar;C:\Users\Joel\.m2\repository\net\bytebuddy\byte-buddy\1.9.3\byte-buddy-1.9.3.jar;C:\Users\Joel\.m2\repository\net\bytebuddy\byte-buddy-agent\1.9.3\byte-buddy-agent-1.9.3.jar;C:\Users\Joel\.m2\repository\org\objenesis\objenesis\2.6\objenesis-2.6.jar;C:\Users\Joel\.m2\repository\org\hamcrest\hamcrest-core\1.3\hamcrest-core-1.3.jar;C:\Users\Joel\.m2\repository\org\hamcrest\hamcrest-library\1.3\hamcrest-library-1.3.jar;C:\Users\Joel\.m2\repository\org\skyscreamer\jsonassert\1.5.0\jsonassert-1.5.0.jar;C:\Users\Joel\.m2\repository\com\vaadin\external\google\android-json\0.0.20131108.vaadin1\android-json-0.0.20131108.vaadin1.jar;C:\Users\Joel\.m2\repository\org\xmlunit\xmlunit-core\2.6.2\xmlunit-core-2.6.2.jar;"/>
    <property name="java.vm.vendor" value="Oracle Corporation"/>
    <property name="sun.arch.data.model" value="64"/>
    <property name="user.variant" value=""/>
    <property name="java.vendor.url" value="http://java.oracle.com/"/>
    <property name="user.timezone" value="Asia/Calcutta"/>
    <property name="java.vm.specification.version" value="1.8"/>
    <property name="os.name" value="Windows 8.1"/>
    <property name="user.country" value="IN"/>
    <property name="sun.java.launcher" value="SUN_STANDARD"/>
    <property name="sun.boot.library.path" value="C:\Program Files\Java\jdk1.8.0_171\jre\bin"/>
    <property name="sun.java.command" value="C:\Users\Joel\AppData\Local\Temp\surefire6312532478554130544\surefirebooter5408317861470825018.jar C:\Users\Joel\AppData\Local\Temp\surefire6312532478554130544 2019-12-18T16-58-46_247-jvmRun1 surefire6720856892990848938tmp surefire_2302980451118383148tmp"/>
    <property name="surefire.test.class.path" value="D:\new-repo\itAssests\itAssets-services\target\test-classes;D:\new-repo\itAssests\itAssets-services\target\classes;C:\Users\Joel\.m2\repository\com\anabatic\messaging\messaging-lib\1.0.0.1-SNAPSHOT\messaging-lib-1.0.0.1-SNAPSHOT.jar;C:\Users\Joel\.m2\repository\com\anabatic\generic\generic-core\1.0.0.2-SNAPSHOT\generic-core-1.0.0.2-SNAPSHOT.jar;C:\Users\Joel\.m2\repository\org\apache\httpcomponents\httpclient\4.5.6\httpclient-4.5.6.jar;C:\Users\Joel\.m2\repository\org\apache\httpcomponents\httpcore\4.4.10\httpcore-4.4.10.jar;C:\Users\Joel\.m2\repository\commons-codec\commons-codec\1.11\commons-codec-1.11.jar;C:\Users\Joel\.m2\repository\commons-beanutils\commons-beanutils\1.9.3\commons-beanutils-1.9.3.jar;C:\Users\Joel\.m2\repository\commons-logging\commons-logging\1.2\commons-logging-1.2.jar;C:\Users\Joel\.m2\repository\commons-collections\commons-collections\3.2.2\commons-collections-3.2.2.jar;C:\Users\Joel\.m2\repository\com\github\wnameless\json-flattener\0.4.1\json-flattener-0.4.1.jar;C:\Users\Joel\.m2\repository\com\eclipsesource\minimal-json\minimal-json\0.9.4\minimal-json-0.9.4.jar;C:\Users\Joel\.m2\repository\org\apache\commons\commons-lang3\3.8.1\commons-lang3-3.8.1.jar;C:\Users\Joel\.m2\repository\org\hibernate\hibernate-entitymanager\5.3.7.Final\hibernate-entitymanager-5.3.7.Final.jar;C:\Users\Joel\.m2\repository\org\jboss\logging\jboss-logging\3.3.2.Final\jboss-logging-3.3.2.Final.jar;C:\Users\Joel\.m2\repository\org\dom4j\dom4j\2.1.1\dom4j-2.1.1.jar;C:\Users\Joel\.m2\repository\org\hibernate\common\hibernate-commons-annotations\5.0.4.Final\hibernate-commons-annotations-5.0.4.Final.jar;C:\Users\Joel\.m2\repository\javax\persistence\javax.persistence-api\2.2\javax.persistence-api-2.2.jar;C:\Users\Joel\.m2\repository\org\jboss\spec\javax\transaction\jboss-transaction-api_1.2_spec\1.1.1.Final\jboss-transaction-api_1.2_spec-1.1.1.Final.jar;C:\Users\Joel\.m2\repository\org\hibernate\hibernate-validator\5.0.3.Final\hibernate-validator-5.0.3.Final.jar;C:\Users\Joel\.m2\repository\com\fasterxml\classmate\1.4.0\classmate-1.4.0.jar;C:\Users\Joel\.m2\repository\org\hibernate\javax\persistence\hibernate-jpa-2.1-api\1.0.2.Final\hibernate-jpa-2.1-api-1.0.2.Final.jar;C:\Users\Joel\.m2\repository\org\springframework\spring-jms\5.1.2.RELEASE\spring-jms-5.1.2.RELEASE.jar;C:\Users\Joel\.m2\repository\org\springframework\spring-beans\5.1.2.RELEASE\spring-beans-5.1.2.RELEASE.jar;C:\Users\Joel\.m2\repository\org\springframework\spring-messaging\5.1.2.RELEASE\spring-messaging-5.1.2.RELEASE.jar;C:\Users\Joel\.m2\repository\org\springframework\spring-tx\5.1.2.RELEASE\spring-tx-5.1.2.RELEASE.jar;C:\Users\Joel\.m2\repository\org\springframework\boot\spring-boot-starter-activemq\2.1.0.RELEASE\spring-boot-starter-activemq-2.1.0.RELEASE.jar;C:\Users\Joel\.m2\repository\org\apache\activemq\activemq-broker\5.15.7\activemq-broker-5.15.7.jar;C:\Users\Joel\.m2\repository\org\apache\activemq\activemq-client\5.15.7\activemq-client-5.15.7.jar;C:\Users\Joel\.m2\repository\org\fusesource\hawtbuf\hawtbuf\1.11\hawtbuf-1.11.jar;C:\Users\Joel\.m2\repository\org\apache\geronimo\specs\geronimo-j2ee-management_1.1_spec\1.0.1\geronimo-j2ee-management_1.1_spec-1.0.1.jar;C:\Users\Joel\.m2\repository\org\apache\activemq\activemq-openwire-legacy\5.15.7\activemq-openwire-legacy-5.15.7.jar;C:\Users\Joel\.m2\repository\javax\jms\javax.jms-api\2.0.1\javax.jms-api-2.0.1.jar;C:\Users\Joel\.m2\repository\org\springframework\kafka\spring-kafka\2.2.0.RELEASE\spring-kafka-2.2.0.RELEASE.jar;C:\Users\Joel\.m2\repository\org\springframework\spring-context\5.1.2.RELEASE\spring-context-5.1.2.RELEASE.jar;C:\Users\Joel\.m2\repository\org\springframework\spring-expression\5.1.2.RELEASE\spring-expression-5.1.2.RELEASE.jar;C:\Users\Joel\.m2\repository\org\springframework\retry\spring-retry\1.2.2.RELEASE\spring-retry-1.2.2.RELEASE.jar;C:\Users\Joel\.m2\repository\org\apache\kafka\kafka-clients\2.0.0\kafka-clients-2.0.0.jar;C:\Users\Joel\.m2\repository\org\lz4\lz4-java\1.4.1\lz4-java-1.4.1.jar;C:\Users\Joel\.m2\repository\org\xerial\snappy\snappy-java\1.1.7.1\snappy-java-1.1.7.1.jar;C:\Users\Joel\.m2\repository\org\slf4j\slf4j-api\1.7.25\slf4j-api-1.7.25.jar;C:\Users\Joel\.m2\repository\log4j\log4j\1.2.17\log4j-1.2.17.jar;C:\Users\Joel\.m2\repository\jline\jline\0.9.94\jline-0.9.94.jar;C:\Users\Joel\.m2\repository\org\apache\yetus\audience-annotations\0.5.0\audience-annotations-0.5.0.jar;C:\Users\Joel\.m2\repository\io\netty\netty\3.10.6.Final\netty-3.10.6.Final.jar;C:\Users\Joel\.m2\repository\org\springframework\boot\spring-boot-starter-aop\2.1.0.RELEASE\spring-boot-starter-aop-2.1.0.RELEASE.jar;C:\Users\Joel\.m2\repository\org\springframework\spring-aop\5.1.2.RELEASE\spring-aop-5.1.2.RELEASE.jar;C:\Users\Joel\.m2\repository\org\aspectj\aspectjweaver\1.9.2\aspectjweaver-1.9.2.jar;C:\Users\Joel\.m2\repository\org\springframework\integration\spring-integration-jms\5.1.0.RELEASE\spring-integration-jms-5.1.0.RELEASE.jar;C:\Users\Joel\.m2\repository\org\springframework\integration\spring-integration-core\5.1.0.RELEASE\spring-integration-core-5.1.0.RELEASE.jar;C:\Users\Joel\.m2\repository\io\projectreactor\reactor-core\3.2.2.RELEASE\reactor-core-3.2.2.RELEASE.jar;C:\Users\Joel\.m2\repository\com\google\code\gson\gson\2.8.5\gson-2.8.5.jar;C:\Users\Joel\.m2\repository\com\rabbitmq\jms\rabbitmq-jms\1.5.0\rabbitmq-jms-1.5.0.jar;C:\Users\Joel\.m2\repository\com\rabbitmq\amqp-client\5.4.3\amqp-client-5.4.3.jar;C:\Users\Joel\.m2\repository\commons-lang\commons-lang\2.6\commons-lang-2.6.jar;C:\Users\Joel\.m2\repository\com\google\guava\guava\23.0\guava-23.0.jar;C:\Users\Joel\.m2\repository\com\google\code\findbugs\jsr305\1.3.9\jsr305-1.3.9.jar;C:\Users\Joel\.m2\repository\com\google\errorprone\error_prone_annotations\2.0.18\error_prone_annotations-2.0.18.jar;C:\Users\Joel\.m2\repository\com\google\j2objc\j2objc-annotations\1.1\j2objc-annotations-1.1.jar;C:\Users\Joel\.m2\repository\org\codehaus\mojo\animal-sniffer-annotations\1.14\animal-sniffer-annotations-1.14.jar;C:\Users\Joel\.m2\repository\com\fasterxml\jackson\core\jackson-databind\2.9.7\jackson-databind-2.9.7.jar;C:\Users\Joel\.m2\repository\com\fasterxml\jackson\core\jackson-core\2.9.7\jackson-core-2.9.7.jar;C:\Users\Joel\.m2\repository\com\github\XDean\Java-EX\0.0.7\Java-EX-0.0.7.jar;C:\Users\Joel\.m2\repository\io\reactivex\rxjava2\rxjava\2.2.3\rxjava-2.2.3.jar;C:\Users\Joel\.m2\repository\org\reactivestreams\reactive-streams\1.0.2\reactive-streams-1.0.2.jar;C:\Users\Joel\.m2\repository\org\reflections\reflections\0.9.11\reflections-0.9.11.jar;C:\Users\Joel\.m2\repository\org\javassist\javassist\3.21.0-GA\javassist-3.21.0-GA.jar;C:\Users\Joel\.m2\repository\org\jooq\joor-java-8\0.9.7\joor-java-8-0.9.7.jar;C:\Users\Joel\.m2\repository\org\modelmapper\modelmapper\2.3.2\modelmapper-2.3.2.jar;C:\Users\Joel\.m2\repository\com\anabatic\queue\queue-lib\1.0.1-SNAPSHOT\queue-lib-1.0.1-SNAPSHOT.jar;C:\Users\Joel\.m2\repository\com\ati\lib\repository\memory\ati-lib-repository-memory-storage\2.0.0\ati-lib-repository-memory-storage-2.0.0.jar;C:\Users\Joel\.m2\repository\com\ati\lib\ati-lib-constant\2.0.0\ati-lib-constant-2.0.0.jar;C:\Users\Joel\.m2\repository\com\ati\lib\ati-lib-transfer-object\2.0.0\ati-lib-transfer-object-2.0.0.jar;C:\Users\Joel\.m2\repository\com\ati\lib\ati-lib-util\2.0.0\ati-lib-util-2.0.0.jar;C:\Users\Joel\.m2\repository\org\apache\commons\commons-text\1.1\commons-text-1.1.jar;C:\Users\Joel\.m2\repository\com\fasterxml\uuid\java-uuid-generator\3.1.4\java-uuid-generator-3.1.4.jar;C:\Users\Joel\.m2\repository\dk\brics\automaton\1.12-1\automaton-1.12-1.jar;C:\Users\Joel\.m2\repository\com\ati\lib\ati-lib-component\2.0.0\ati-lib-component-2.0.0.jar;C:\Users\Joel\.m2\repository\com\hazelcast\hazelcast\3.11\hazelcast-3.11.jar;C:\Users\Joel\.m2\repository\com\anabatic\logging\logging-lib\1.0.0.1-SNAPSHOT\logging-lib-1.0.0.1-SNAPSHOT.jar;C:\Users\Joel\.m2\repository\org\springframework\boot\spring-boot-starter-web\2.1.0.RELEASE\spring-boot-starter-web-2.1.0.RELEASE.jar;C:\Users\Joel\.m2\repository\org\springframework\boot\spring-boot-starter-json\2.1.0.RELEASE\spring-boot-starter-json-2.1.0.RELEASE.jar;C:\Users\Joel\.m2\repository\com\fasterxml\jackson\datatype\jackson-datatype-jdk8\2.9.7\jackson-datatype-jdk8-2.9.7.jar;C:\Users\Joel\.m2\repository\com\fasterxml\jackson\datatype\jackson-datatype-jsr310\2.9.7\jackson-datatype-jsr310-2.9.7.jar;C:\Users\Joel\.m2\repository\com\fasterxml\jackson\module\jackson-module-parameter-names\2.9.7\jackson-module-parameter-names-2.9.7.jar;C:\Users\Joel\.m2\repository\org\springframework\boot\spring-boot-starter-tomcat\2.1.0.RELEASE\spring-boot-starter-tomcat-2.1.0.RELEASE.jar;C:\Users\Joel\.m2\repository\org\apache\tomcat\embed\tomcat-embed-core\9.0.12\tomcat-embed-core-9.0.12.jar;C:\Users\Joel\.m2\repository\org\apache\tomcat\embed\tomcat-embed-el\9.0.12\tomcat-embed-el-9.0.12.jar;C:\Users\Joel\.m2\repository\org\apache\tomcat\embed\tomcat-embed-websocket\9.0.12\tomcat-embed-websocket-9.0.12.jar;C:\Users\Joel\.m2\repository\org\hibernate\validator\hibernate-validator\6.0.13.Final\hibernate-validator-6.0.13.Final.jar;C:\Users\Joel\.m2\repository\org\springframework\spring-web\5.1.2.RELEASE\spring-web-5.1.2.RELEASE.jar;C:\Users\Joel\.m2\repository\org\springframework\spring-webmvc\5.1.2.RELEASE\spring-webmvc-5.1.2.RELEASE.jar;C:\Users\Joel\.m2\repository\org\springframework\boot\spring-boot-starter-log4j2\2.1.0.RELEASE\spring-boot-starter-log4j2-2.1.0.RELEASE.jar;D:\new-repo\itAssests\itAssets-persistence\target\itAssets-persistence-0.0.1-SNAPSHOT.jar;D:\new-repo\itAssests\itAssets-core\target\itAssets-core-0.0.1-SNAPSHOT.jar;C:\Users\Joel\.m2\repository\org\springframework\boot\spring-boot-starter-data-jpa\2.1.0.RELEASE\spring-boot-starter-data-jpa-2.1.0.RELEASE.jar;C:\Users\Joel\.m2\repository\org\springframework\boot\spring-boot-starter-jdbc\2.1.0.RELEASE\spring-boot-starter-jdbc-2.1.0.RELEASE.jar;C:\Users\Joel\.m2\repository\com\zaxxer\HikariCP\3.2.0\HikariCP-3.2.0.jar;C:\Users\Joel\.m2\repository\org\springframework\spring-jdbc\5.1.2.RELEASE\spring-jdbc-5.1.2.RELEASE.jar;C:\Users\Joel\.m2\repository\javax\transaction\javax.transaction-api\1.3\javax.transaction-api-1.3.jar;C:\Users\Joel\.m2\repository\javax\xml\bind\jaxb-api\2.3.1\jaxb-api-2.3.1.jar;C:\Users\Joel\.m2\repository\javax\activation\javax.activation-api\1.2.0\javax.activation-api-1.2.0.jar;C:\Users\Joel\.m2\repository\org\hibernate\hibernate-core\5.3.7.Final\hibernate-core-5.3.7.Final.jar;C:\Users\Joel\.m2\repository\antlr\antlr\2.7.7\antlr-2.7.7.jar;C:\Users\Joel\.m2\repository\org\jboss\jandex\2.0.5.Final\jandex-2.0.5.Final.jar;C:\Users\Joel\.m2\repository\org\springframework\data\spring-data-jpa\2.1.2.RELEASE\spring-data-jpa-2.1.2.RELEASE.jar;C:\Users\Joel\.m2\repository\org\springframework\data\spring-data-commons\2.1.2.RELEASE\spring-data-commons-2.1.2.RELEASE.jar;C:\Users\Joel\.m2\repository\org\springframework\spring-orm\5.1.2.RELEASE\spring-orm-5.1.2.RELEASE.jar;C:\Users\Joel\.m2\repository\org\springframework\spring-aspects\5.1.2.RELEASE\spring-aspects-5.1.2.RELEASE.jar;C:\Users\Joel\.m2\repository\org\postgresql\postgresql\42.2.5\postgresql-42.2.5.jar;C:\Users\Joel\.m2\repository\com\anabatic\generic\generic-persistence\1.0.0.2-SNAPSHOT\generic-persistence-1.0.0.2-SNAPSHOT.jar;C:\Users\Joel\.m2\repository\javax\validation\validation-api\2.0.1.Final\validation-api-2.0.1.Final.jar;C:\Users\Joel\.m2\repository\org\hsqldb\hsqldb\2.4.1\hsqldb-2.4.1.jar;C:\Users\Joel\.m2\repository\org\dbunit\dbunit\2.4.9\dbunit-2.4.9.jar;C:\Users\Joel\.m2\repository\org\apache\commons\commons-dbcp2\2.5.0\commons-dbcp2-2.5.0.jar;C:\Users\Joel\.m2\repository\org\apache\commons\commons-pool2\2.6.0\commons-pool2-2.6.0.jar;C:\Users\Joel\.m2\repository\com\anabatic\dualcontrol\dual-control-lib\1.0.0.2-SNAPSHOT\dual-control-lib-1.0.0.2-SNAPSHOT.jar;C:\Users\Joel\.m2\repository\com\anabatic\dualcontrol\dual-control-endpoint\1.0.0.2-SNAPSHOT\dual-control-endpoint-1.0.0.2-SNAPSHOT.jar;C:\Users\Joel\.m2\repository\com\anabatic\generic\generic-endpoint\1.0.0.2-SNAPSHOT\generic-endpoint-1.0.0.2-SNAPSHOT.jar;C:\Users\Joel\.m2\repository\com\anabatic\audit\audit-component\1.0.0.1\audit-component-1.0.0.1.jar;C:\Users\Joel\.m2\repository\com\anabatic\audit\audit-parameter\1.0.0.1\audit-parameter-1.0.0.1.jar;C:\Users\Joel\.m2\repository\org\hibernate\javax\persistence\hibernate-jpa-2.0-api\1.0.1.Final\hibernate-jpa-2.0-api-1.0.1.Final.jar;C:\Users\Joel\.m2\repository\org\springframework\boot\spring-boot-starter-security\2.1.0.RELEASE\spring-boot-starter-security-2.1.0.RELEASE.jar;C:\Users\Joel\.m2\repository\org\springframework\security\spring-security-config\5.1.1.RELEASE\spring-security-config-5.1.1.RELEASE.jar;C:\Users\Joel\.m2\repository\org\springframework\security\spring-security-core\5.1.1.RELEASE\spring-security-core-5.1.1.RELEASE.jar;C:\Users\Joel\.m2\repository\org\springframework\security\spring-security-web\5.1.1.RELEASE\spring-security-web-5.1.1.RELEASE.jar;C:\Users\Joel\.m2\repository\io\jsonwebtoken\jjwt\0.6.0\jjwt-0.6.0.jar;C:\Users\Joel\.m2\repository\com\anabatic\dualcontrol\dual-control-service\1.0.0.2-SNAPSHOT\dual-control-service-1.0.0.2-SNAPSHOT.jar;C:\Users\Joel\.m2\repository\com\anabatic\dualcontrol\dual-control-persistence\1.0.0.2-SNAPSHOT\dual-control-persistence-1.0.0.2-SNAPSHOT.jar;C:\Users\Joel\.m2\repository\com\anabatic\dualcontrol\dual-control-core\1.0.0.2-SNAPSHOT\dual-control-core-1.0.0.2-SNAPSHOT.jar;C:\Users\Joel\.m2\repository\com\anabatic\generic\generic-service\1.0.0.2-SNAPSHOT\generic-service-1.0.0.2-SNAPSHOT.jar;C:\Users\Joel\.m2\repository\org\apache\logging\log4j\log4j-core\2.11.1\log4j-core-2.11.1.jar;C:\Users\Joel\.m2\repository\org\apache\logging\log4j\log4j-api\2.11.1\log4j-api-2.11.1.jar;C:\Users\Joel\.m2\repository\com\fasterxml\jackson\core\jackson-annotations\2.9.0\jackson-annotations-2.9.0.jar;C:\Users\Joel\.m2\repository\org\springframework\spring-test\5.0.9.RELEASE\spring-test-5.0.9.RELEASE.jar;C:\Users\Joel\.m2\repository\org\springframework\spring-core\5.1.2.RELEASE\spring-core-5.1.2.RELEASE.jar;C:\Users\Joel\.m2\repository\org\springframework\spring-jcl\5.1.2.RELEASE\spring-jcl-5.1.2.RELEASE.jar;C:\Users\Joel\.m2\repository\org\springframework\boot\spring-boot-starter-test\2.1.0.RELEASE\spring-boot-starter-test-2.1.0.RELEASE.jar;C:\Users\Joel\.m2\repository\org\springframework\boot\spring-boot-starter\2.1.0.RELEASE\spring-boot-starter-2.1.0.RELEASE.jar;C:\Users\Joel\.m2\repository\org\springframework\boot\spring-boot\2.1.0.RELEASE\spring-boot-2.1.0.RELEASE.jar;C:\Users\Joel\.m2\repository\org\springframework\boot\spring-boot-autoconfigure\2.1.0.RELEASE\spring-boot-autoconfigure-2.1.0.RELEASE.jar;C:\Users\Joel\.m2\repository\org\springframework\boot\spring-boot-starter-logging\2.1.0.RELEASE\spring-boot-starter-logging-2.1.0.RELEASE.jar;C:\Users\Joel\.m2\repository\ch\qos\logback\logback-classic\1.2.3\logback-classic-1.2.3.jar;C:\Users\Joel\.m2\repository\ch\qos\logback\logback-core\1.2.3\logback-core-1.2.3.jar;C:\Users\Joel\.m2\repository\org\apache\logging\log4j\log4j-to-slf4j\2.11.1\log4j-to-slf4j-2.11.1.jar;C:\Users\Joel\.m2\repository\org\slf4j\jul-to-slf4j\1.7.25\jul-to-slf4j-1.7.25.jar;C:\Users\Joel\.m2\repository\javax\annotation\javax.annotation-api\1.3.2\javax.annotation-api-1.3.2.jar;C:\Users\Joel\.m2\repository\org\yaml\snakeyaml\1.23\snakeyaml-1.23.jar;C:\Users\Joel\.m2\repository\org\springframework\boot\spring-boot-test\2.1.0.RELEASE\spring-boot-test-2.1.0.RELEASE.jar;C:\Users\Joel\.m2\repository\org\springframework\boot\spring-boot-test-autoconfigure\2.1.0.RELEASE\spring-boot-test-autoconfigure-2.1.0.RELEASE.jar;C:\Users\Joel\.m2\repository\com\jayway\jsonpath\json-path\2.4.0\json-path-2.4.0.jar;C:\Users\Joel\.m2\repository\net\minidev\json-smart\2.3\json-smart-2.3.jar;C:\Users\Joel\.m2\repository\net\minidev\accessors-smart\1.2\accessors-smart-1.2.jar;C:\Users\Joel\.m2\repository\org\ow2\asm\asm\5.0.4\asm-5.0.4.jar;C:\Users\Joel\.m2\repository\junit\junit\4.12\junit-4.12.jar;C:\Users\Joel\.m2\repository\org\assertj\assertj-core\3.11.1\assertj-core-3.11.1.jar;C:\Users\Joel\.m2\repository\org\mockito\mockito-core\2.23.0\mockito-core-2.23.0.jar;C:\Users\Joel\.m2\repository\net\bytebuddy\byte-buddy\1.9.3\byte-buddy-1.9.3.jar;C:\Users\Joel\.m2\repository\net\bytebuddy\byte-buddy-agent\1.9.3\byte-buddy-agent-1.9.3.jar;C:\Users\Joel\.m2\repository\org\objenesis\objenesis\2.6\objenesis-2.6.jar;C:\Users\Joel\.m2\repository\org\hamcrest\hamcrest-core\1.3\hamcrest-core-1.3.jar;C:\Users\Joel\.m2\repository\org\hamcrest\hamcrest-library\1.3\hamcrest-library-1.3.jar;C:\Users\Joel\.m2\repository\org\skyscreamer\jsonassert\1.5.0\jsonassert-1.5.0.jar;C:\Users\Joel\.m2\repository\com\vaadin\external\google\android-json\0.0.20131108.vaadin1\android-json-0.0.20131108.vaadin1.jar;C:\Users\Joel\.m2\repository\org\xmlunit\xmlunit-core\2.6.2\xmlunit-core-2.6.2.jar;"/>
    <property name="sun.cpu.endian" value="little"/>
    <property name="user.home" value="C:\Users\Joel"/>
    <property name="user.language" value="en"/>
    <property name="java.specification.vendor" value="Oracle Corporation"/>
    <property name="java.home" value="C:\Program Files\Java\jdk1.8.0_171\jre"/>
    <property name="basedir" value="D:\new-repo\itAssests\itAssets-services"/>
    <property name="file.separator" value="\"/>
    <property name="line.separator" value="&#10;"/>
    <property name="java.vm.specification.vendor" value="Oracle Corporation"/>
    <property name="java.specification.name" value="Java Platform API Specification"/>
    <property name="java.awt.graphicsenv" value="sun.awt.Win32GraphicsEnvironment"/>
    <property name="surefire.real.class.path" value="C:\Users\Joel\AppData\Local\Temp\surefire6312532478554130544\surefirebooter5408317861470825018.jar"/>
    <property name="sun.boot.class.path" value="C:\Program Files\Java\jdk1.8.0_171\jre\lib\resources.jar;C:\Program Files\Java\jdk1.8.0_171\jre\lib\rt.jar;C:\Program Files\Java\jdk1.8.0_171\jre\lib\sunrsasign.jar;C:\Program Files\Java\jdk1.8.0_171\jre\lib\jsse.jar;C:\Program Files\Java\jdk1.8.0_171\jre\lib\jce.jar;C:\Program Files\Java\jdk1.8.0_171\jre\lib\charsets.jar;C:\Program Files\Java\jdk1.8.0_171\jre\lib\jfr.jar;C:\Program Files\Java\jdk1.8.0_171\jre\classes"/>
    <property name="user.script" value=""/>
    <property name="sun.management.compiler" value="HotSpot 64-Bit Tiered Compilers"/>
    <property name="java.runtime.version" value="1.8.0_171-b11"/>
    <property name="user.name" value="Joel.s"/>
    <property name="path.separator" value=";"/>
    <property name="os.version" value="6.3"/>
    <property name="java.endorsed.dirs" value="C:\Program Files\Java\jdk1.8.0_171\jre\lib\endorsed"/>
    <property name="java.runtime.name" value="Java(TM) SE Runtime Environment"/>
    <property name="file.encoding" value="Cp1252"/>
    <property name="java.vm.name" value="Java HotSpot(TM) 64-Bit Server VM"/>
    <property name="localRepository" value="C:\Users\Joel\.m2\repository"/>
    <property name="java.vendor.url.bug" value="http://bugreport.sun.com/bugreport/"/>
    <property name="java.io.tmpdir" value="C:\Users\Joel\AppData\Local\Temp\"/>
    <property name="java.version" value="1.8.0_171"/>
    <property name="user.dir" value="D:\new-repo\itAssests\itAssets-services"/>
    <property name="os.arch" value="amd64"/>
    <property name="java.vm.specification.name" value="Java Virtual Machine Specification"/>
    <property name="java.awt.printerjob" value="sun.awt.windows.WPrinterJob"/>
    <property name="sun.os.patch.level" value=""/>
    <property name="java.library.path" value="C:\Program Files\Java\jdk1.8.0_171\jre\bin;C:\WINDOWS\Sun\Java\bin;C:\WINDOWS\system32;C:\WINDOWS;C:/Program Files/Java/jdk1.8.0_171/bin/../jre/bin/server;C:/Program Files/Java/jdk1.8.0_171/bin/../jre/bin;C:/Program Files/Java/jdk1.8.0_171/bin/../jre/lib/amd64;D:\WORSPACE\SDK\platform-tools;D:\WORSPACE\SDK\tools;D:\program files\nodejs\;D:\program files\Genymotion\tools;C:\Program Files\Java\jdk1.8.0_171\bin;C:\Program Files\Docker Toolbox;C:\Users\Joel\Downloads\apache-maven-3.6.0\bin;C:\Program Files\Java\jdk1.8.0_171\bin;D:\New folder (2)\Microsoft VS Code\bin;C:\Users\Joel\AppData\Roaming\npm;C:\Program Files (x86)\Sophos\Sophos SSL VPN Client\bin;D:\New folder (5)\eclipse-jee-oxygen-2\eclipse;;."/>
    <property name="java.vm.info" value="mixed mode"/>
    <property name="java.vendor" value="Oracle Corporation"/>
    <property name="java.vm.version" value="25.171-b11"/>
    <property name="java.ext.dirs" value="C:\Program Files\Java\jdk1.8.0_171\jre\lib\ext;C:\WINDOWS\Sun\Java\lib\ext"/>
    <property name="sun.io.unicode.encoding" value="UnicodeLittle"/>
    <property name="java.class.version" value="52.0"/>
  </properties>
  <testcase name="testApp" classname="org.itAssets.services.AppTest" time="0.008"/>
</testsuite>